<?xml version="1.0" encoding="UTF-8"?>
<testsuite name="com.irribarra.microservice.app.usermicroservice.util.UserUtilsTest" tests="6" skipped="0" failures="0" errors="0" timestamp="2020-10-12T07:53:51" hostname="patricio-ROG-Zephyrus-G14-GA401II-GA401II" time="0.35">
  <properties/>
  <testcase name="enryptPassword()" classname="com.irribarra.microservice.app.usermicroservice.util.UserUtilsTest" time="0.327"/>
  <testcase name="validatePasswordFormatt()" classname="com.irribarra.microservice.app.usermicroservice.util.UserUtilsTest" time="0.009"/>
  <testcase name="getUserResponse()" classname="com.irribarra.microservice.app.usermicroservice.util.UserUtilsTest" time="0.002"/>
  <testcase name="validateEmailFormatt()" classname="com.irribarra.microservice.app.usermicroservice.util.UserUtilsTest" time="0.005"/>
  <testcase name="validateUserRequestParameters()" classname="com.irribarra.microservice.app.usermicroservice.util.UserUtilsTest" time="0.002"/>
  <testcase name="generateToken()" classname="com.irribarra.microservice.app.usermicroservice.util.UserUtilsTest" time="0.001"/>
  <system-out><![CDATA[04:53:51.086 [Test worker] INFO com.irribarra.microservice.app.usermicroservice.util.UserUtils - Encriptando contraseña de usuario: testUser@gmail.com
04:53:51.343 [Test worker] INFO com.irribarra.microservice.app.usermicroservice.util.UserUtils - Validando formato de contraseña ingresada.
04:53:51.345 [Test worker] INFO com.irribarra.microservice.app.usermicroservice.util.UserUtils - Validando formato de contraseña ingresada.
04:53:51.346 [Test worker] INFO com.irribarra.microservice.app.usermicroservice.util.UserUtils - Validando formato de contraseña ingresada.
04:53:51.347 [Test worker] INFO com.irribarra.microservice.app.usermicroservice.util.UserUtils - Validando formato de contraseña ingresada.
04:53:51.348 [Test worker] INFO com.irribarra.microservice.app.usermicroservice.util.UserUtils - Validando formato de contraseña ingresada.
04:53:51.356 [Test worker] INFO com.irribarra.microservice.app.usermicroservice.util.UserUtils - Validando formato de correo ingresado: test@@gmail.com
04:53:51.359 [Test worker] INFO com.irribarra.microservice.app.usermicroservice.util.UserUtils - Validando datos de usuario: test
04:53:51.360 [Test worker] INFO com.irribarra.microservice.app.usermicroservice.util.UserUtils - Validando datos de usuario: test
04:53:51.360 [Test worker] INFO com.irribarra.microservice.app.usermicroservice.util.UserUtils - Validando datos de usuario: null
04:53:51.362 [Test worker] INFO com.irribarra.microservice.app.usermicroservice.util.UserUtils - Generando token para user: testUser@gmail.com
]]></system-out>
  <system-err><![CDATA[]]></system-err>
</testsuite>
